TN:
SF:app.js
FNF:0
FNH:0
DA:1,1
DA:2,1
DA:3,1
DA:4,1
DA:6,1
DA:7,1
DA:9,1
DA:11,1
DA:12,1
DA:13,1
DA:14,1
DA:15,1
DA:17,1
DA:18,1
DA:20,1
LF:15
LH:15
BRF:0
BRH:0
end_of_record
TN:
SF:lib/Controller.js
FN:1,(anonymous_0)
FN:6,(anonymous_1)
FNF:2
FNH:1
FNDA:1,(anonymous_0)
FNDA:0,(anonymous_1)
DA:1,1
DA:4,1
DA:6,1
DA:9,0
LF:4
LH:3
BRF:0
BRH:0
end_of_record
TN:
SF:routes/index.js
FN:5,(anonymous_0)
FN:9,(anonymous_1)
FNF:2
FNH:1
FNDA:1,(anonymous_0)
FNDA:0,(anonymous_1)
DA:1,1
DA:2,1
DA:5,1
DA:7,1
DA:9,1
DA:11,0
DA:17,1
LF:7
LH:6
BRF:0
BRH:0
end_of_record
TN:
SF:routes/users.js
FN:5,(anonymous_0)
FNF:1
FNH:0
FNDA:0,(anonymous_0)
DA:1,1
DA:2,1
DA:5,1
DA:6,0
DA:9,1
LF:5
LH:4
BRF:0
BRH:0
end_of_record
